<?xml version="1.0" encoding="UTF-8"?>
<testng-results ignored="0" total="2" passed="2" failed="0" skipped="0">
  <reporter-output>
  </reporter-output>
  <suite started-at="2025-07-16T11:38:35 IST" name="Suite" finished-at="2025-07-16T11:38:35 IST" duration-ms="98">
    <groups>
    </groups>
    <test started-at="2025-07-16T11:38:35 IST" name="First_test" finished-at="2025-07-16T11:38:35 IST" duration-ms="98">
      <class name="test.firstTest">
        <test-method signature="first_test()[pri:0, instance:test.firstTest@6572421]" started-at="2025-07-16T11:38:35 IST" name="first_test" finished-at="2025-07-16T11:38:35 IST" duration-ms="11" status="PASS">
          <reporter-output>
          </reporter-output>
        </test-method> <!-- first_test -->
        <test-method signature="second_test()[pri:0, instance:test.firstTest@6572421]" started-at="2025-07-16T11:38:35 IST" name="second_test" finished-at="2025-07-16T11:38:35 IST" duration-ms="1" status="PASS">
          <reporter-output>
          </reporter-output>
        </test-method> <!-- second_test -->
      </class> <!-- test.firstTest -->
    </test> <!-- First_test -->
  </suite> <!-- Suite -->
</testng-results>
